\BOOKMARK [0][-]{BackrefHyperFootnoteCounter.2}{日本語要旨}{}% 1
\BOOKMARK [0][-]{chapter*.1}{各章抄訳}{}% 2
\BOOKMARK [0][-]{section*.6}{Contents}{}% 3
\BOOKMARK [0][-]{section*.7}{List\040of\040Figures}{}% 4
\BOOKMARK [0][-]{section*.8}{List\040of\040Tables}{}% 5
\BOOKMARK [0][-]{chapter.1}{The Alt-Right, Netto-Uyoku, Cyber-nationalism—A Global Phenomenon?}{}% 6
\BOOKMARK [0][-]{chapter.2}{The Netto-Uyoku — A Literature Review}{}% 7
\BOOKMARK [1][-]{section.2.1}{Who\040are\040the\040Netto-Uyoku?}{chapter.2}% 8
\BOOKMARK [1][-]{section.2.2}{The\040Action-Conservative\040Movement}{chapter.2}% 9
\BOOKMARK [2][-]{subsection.2.2.1}{Makoto Sakurai \(桜井誠\)}{section.2.2}% 10
\BOOKMARK [2][-]{subsection.2.2.2}{Zaitokukai}{section.2.2}% 11
\BOOKMARK [1][-]{section.2.3}{Counter-movements}{chapter.2}% 12
\BOOKMARK [2][-]{subsection.2.3.1}{C.R.A.C.}{section.2.3}% 13
\BOOKMARK [2][-]{subsection.2.3.2}{Norikoe-net}{section.2.3}% 14
\BOOKMARK [1][-]{section.2.4}{Politics}{chapter.2}% 15
\BOOKMARK [2][-]{subsection.2.4.1}{LDP}{section.2.4}% 16
\BOOKMARK [2][-]{subsection.2.4.2}{Nippon\040Kaigi}{section.2.4}% 17
\BOOKMARK [2][-]{subsection.2.4.3}{Japan\040First\040Party}{section.2.4}% 18
\BOOKMARK [1][-]{section.2.5}{Conclusion}{chapter.2}% 19
\BOOKMARK [0][-]{chapter.3}{Cybernationalism and Japan — Connecting the Dots}{}% 20
\BOOKMARK [1][-]{section.3.1}{Discourse,\040Power,\040Ideology}{chapter.3}% 21
\BOOKMARK [2][-]{subsection.3.1.1}{Conceptualizing\040ideology}{section.3.1}% 22
\BOOKMARK [2][-]{subsection.3.1.2}{Gramsci, Lukács & Althusser \(Post-War Japan & The Economic Miracle\)}{section.3.1}% 23
\BOOKMARK [2][-]{subsection.3.1.3}{The\040Frankfurt\040School\040&\040Post-Ideology\040\(The\040Lost\040Decades\)}{section.3.1}% 24
\BOOKMARK [1][-]{section.3.2}{Neo-Nationalism}{chapter.3}% 25
\BOOKMARK [2][-]{subsection.3.2.1}{Populism}{section.3.2}% 26
\BOOKMARK [3][-]{section*.9}{Theory}{subsection.3.2.1}% 27
\BOOKMARK [3][-]{section*.10}{Populism in Japan（日本型ポピュリズム）}{subsection.3.2.1}% 28
\BOOKMARK [2][-]{subsection.3.2.2}{Nativism}{section.3.2}% 29
\BOOKMARK [2][-]{subsection.3.2.3}{Nationalism}{section.3.2}% 30
\BOOKMARK [1][-]{section.3.3}{Cyber-Nationalism}{chapter.3}% 31
\BOOKMARK [2][-]{subsection.3.3.1}{The\040Medium\040is\040the\040Message}{section.3.3}% 32
\BOOKMARK [2][-]{subsection.3.3.2}{Japanese\040Internet}{section.3.3}% 33
\BOOKMARK [2][-]{subsection.3.3.3}{Imagined\040\(cyber\)-communities}{section.3.3}% 34
\BOOKMARK [1][-]{section.3.4}{Model}{chapter.3}% 35
\BOOKMARK [1][-]{section.3.5}{Conclusion}{chapter.3}% 36
\BOOKMARK [0][-]{chapter.4}{The Anatomy of Japanese Cyber-Nationalism ー From 2channel to Wikipedia}{}% 37
\BOOKMARK [1][-]{section.4.1}{2channel\040&\040Matome-blogs}{chapter.4}% 38
\BOOKMARK [1][-]{BackrefHyperFootnoteCounter.78}{Wikipedia}{chapter.4}% 39
\BOOKMARK [1][-]{section.4.3}{Online\040Grassroots\040counter-Activism:\040Ban\040Matsuri}{chapter.4}% 40
\BOOKMARK [1][-]{section.4.4}{Conclusion}{chapter.4}% 41
\BOOKMARK [0][-]{chapter*.13}{Conclusion}{}% 42
\BOOKMARK [0][-]{chapter*.14}{References}{}% 43
